<?xml version="1.0" encoding="UTF-8"?>
<testng-results ignored="0" total="2" passed="1" failed="1" skipped="0">
  <reporter-output>
  </reporter-output>
  <suite started-at="2023-08-15T15:29:18 IST" name="HRM Test Suite" finished-at="2023-08-15T15:29:39 IST" duration-ms="21183">
    <groups>
    </groups>
    <test started-at="2023-08-15T15:29:18 IST" name="Pending Leave Request Test Case" finished-at="2023-08-15T15:29:24 IST" duration-ms="5961">
      <class name="testcases.TestPendingLeaveRequest">
        <test-method signature="verifyPendingLeaveRequest()[pri:0, instance:testcases.TestPendingLeaveRequest@5a45133e]" started-at="2023-08-15T15:29:18 IST" name="verifyPendingLeaveRequest" finished-at="2023-08-15T15:29:24 IST" duration-ms="5861" status="PASS">
          <reporter-output>
          </reporter-output>
        </test-method> <!-- verifyPendingLeaveRequest -->
      </class> <!-- testcases.TestPendingLeaveRequest -->
    </test> <!-- Pending Leave Request Test Case -->
    <test started-at="2023-08-15T15:29:24 IST" name="Check User Role test case" finished-at="2023-08-15T15:29:39 IST" duration-ms="15018">
      <class name="testcases.TestUserRole">
        <test-method is-config="true" signature="launchBrowser()[pri:0, instance:testcases.TestUserRole@1ed4ae0f]" started-at="2023-08-15T15:28:16 IST" name="launchBrowser" finished-at="2023-08-15T15:29:18 IST" duration-ms="62118" status="PASS">
          <reporter-output>
          </reporter-output>
        </test-method> <!-- launchBrowser -->
        <test-method signature="checkUserRole()[pri:0, instance:testcases.TestUserRole@1ed4ae0f]" started-at="2023-08-15T15:29:25 IST" name="checkUserRole" finished-at="2023-08-15T15:29:39 IST" duration-ms="14969" status="FAIL">
          <exception class="java.lang.AssertionError">
            <message>
              <![CDATA[expected [ESS] but found [Admin]]]>
            </message>
            <full-stacktrace>
              <![CDATA[java.lang.AssertionError: expected [ESS] but found [Admin]
at org.testng.Assert.fail(Assert.java:99)
at org.testng.Assert.failNotEquals(Assert.java:1037)
at org.testng.Assert.assertEqualsImpl(Assert.java:140)
at org.testng.Assert.assertEquals(Assert.java:122)
at org.testng.Assert.assertEquals(Assert.java:629)
at org.testng.Assert.assertEquals(Assert.java:639)
at testcases.TestUserRole.checkUserRole(TestUserRole.java:50)
at java.base/jdk.internal.reflect.NativeMethodAccessorImpl.invoke0(Native Method)
at java.base/jdk.internal.reflect.NativeMethodAccessorImpl.invoke(NativeMethodAccessorImpl.java:77)
at java.base/jdk.internal.reflect.DelegatingMethodAccessorImpl.invoke(DelegatingMethodAccessorImpl.java:43)
at java.base/java.lang.reflect.Method.invoke(Method.java:568)
at org.testng.internal.MethodInvocationHelper.invokeMethod(MethodInvocationHelper.java:133)
at org.testng.internal.TestInvoker.invokeMethod(TestInvoker.java:598)
at org.testng.internal.TestInvoker.invokeTestMethod(TestInvoker.java:173)
at org.testng.internal.MethodRunner.runInSequence(MethodRunner.java:46)
at org.testng.internal.TestInvoker$MethodInvocationAgent.invoke(TestInvoker.java:824)
at org.testng.internal.TestInvoker.invokeTestMethods(TestInvoker.java:146)
at org.testng.internal.TestMethodWorker.invokeTestMethods(TestMethodWorker.java:146)
at org.testng.internal.TestMethodWorker.run(TestMethodWorker.java:128)
at java.base/java.util.ArrayList.forEach(ArrayList.java:1511)
at org.testng.TestRunner.privateRun(TestRunner.java:794)
at org.testng.TestRunner.run(TestRunner.java:596)
at org.testng.SuiteRunner.runTest(SuiteRunner.java:377)
at org.testng.SuiteRunner.runSequentially(SuiteRunner.java:371)
at org.testng.SuiteRunner.privateRun(SuiteRunner.java:332)
at org.testng.SuiteRunner.run(SuiteRunner.java:276)
at org.testng.SuiteRunnerWorker.runSuite(SuiteRunnerWorker.java:53)
at org.testng.SuiteRunnerWorker.run(SuiteRunnerWorker.java:96)
at org.testng.TestNG.runSuitesSequentially(TestNG.java:1212)
at org.testng.TestNG.runSuitesLocally(TestNG.java:1134)
at org.testng.TestNG.runSuites(TestNG.java:1063)
at org.testng.TestNG.run(TestNG.java:1031)
at org.testng.remote.AbstractRemoteTestNG.run(AbstractRemoteTestNG.java:115)
at org.testng.remote.RemoteTestNG.initAndRun(RemoteTestNG.java:251)
at org.testng.remote.RemoteTestNG.main(RemoteTestNG.java:77)
]]>
            </full-stacktrace>
          </exception> <!-- java.lang.AssertionError -->
          <reporter-output>
          </reporter-output>
        </test-method> <!-- checkUserRole -->
        <test-method is-config="true" signature="tearDown()[pri:0, instance:testcases.TestUserRole@1ed4ae0f]" started-at="2023-08-15T15:29:40 IST" name="tearDown" finished-at="2023-08-15T15:29:41 IST" duration-ms="1665" status="PASS">
          <reporter-output>
          </reporter-output>
        </test-method> <!-- tearDown -->
      </class> <!-- testcases.TestUserRole -->
    </test> <!-- Check User Role test case -->
  </suite> <!-- HRM Test Suite -->
</testng-results>
